docker pull nginx:alpine # cкачать докер образ
docker create --name my_name # назвать контейнер удобным именем 
docker images # проверить какие докер образы скачаны
docker run -d nginx:alpine # запустить контейнер
docker ps # посмотреть список запущеных контейнеров
docker ps -a # посмотреть список ваще всех запущеных контейнеров
docker inspect nginx:alpine>log.txt # посмотреть информацию о контейнере
docker stop 54bd14c0a051 # остановить контейнер
docker restart 3817b8122816 # перезапустить контейнер
docker exec -it 3817b8122816 sh # запустить шел в контейнере
docker cp nginx.conf 3817b8122816:/etc/nginx/nginx.conf # скопировать файл из папки в контейнет, также можно наоборот
docker export 42ff6a700039>container.tar # экспортировать контейнер в файл
docker rmi nginx # удалить образ
docker rm 54bd14c0a051 # удалить контейнер
docker run -d $(docker build -q .) # собрать контейнер из докерфайла и запустить его
docker import container.tar # импортировать контейнер из файла
docker import --change "CMD /docker-entrypoint.sh nginx -g 'daemon off;'" container.tar realnaiff/acme:teat.1 # почкму-то запускать можно только из своих репозиториев???
lsof -nPL -iTCP:8000 # проверить занятость портов какой-либо программой

spawn-fcgi -a127.0.0.1 -p9000 -n ./hello
gcc -o hello hello.c -lfcgi
#include <fcgi_stdio.h>
int main( int argc, char *argv[] )
{
   while( FCGI_Accept() >= 0 ) {
      printf( "Content-Type: text/plain\n\n" );
      printf( "Hello world in C\n" );
   }
   return 0;
}
server {
        listen   80;
        server_name _;

       location / {
                        # host and port to fastcgi server
                        root   /usr/local/var/www;
                        index  index.html;

                        fastcgi_pass 127.0.0.1:9000;
       }


